# JRE version: OpenJDK Runtime Environment (8.0_202-b03) (build 1.8.0_202-release-1483-b03)
# Java VM: OpenJDK 64-Bit Server VM (25.202-b03 mixed mode windows-amd64 compressed oops)
Heap:
 PSYoungGen      total 165376K, used 151552K [0x00000000e0000000, 0x00000000ee080000, 0x0000000100000000)
  eden space 151552K, 100% used [0x00000000e0000000,0x00000000e9400000,0x00000000e9400000)
  from space 13824K, 0% used [0x00000000ea100000,0x00000000ea100000,0x00000000eae80000)
  to   space 13312K, 57% used [0x00000000e9400000,0x00000000e9b717a0,0x00000000ea100000)
 ParOldGen       total 164864K, used 16117K [0x00000000a0000000, 0x00000000aa100000, 0x00000000e0000000)
  object space 164864K, 9% used [0x00000000a0000000,0x00000000a0fbd540,0x00000000aa100000)
 Metaspace       used 50603K, capacity 51524K, committed 51800K, reserved 1093632K
  class space    used 6804K, capacity 7028K, committed 7040K, reserved 1048576K
GC Heap History (10 events):
Event: 2.777 GC heap after
Heap after GC invocations=4 (full 1):
 PSYoungGen      total 76288K, used 0K [0x00000000e0000000, 0x00000000e9500000, 0x0000000100000000)
  eden space 65536K, 0% used [0x00000000e0000000,0x00000000e0000000,0x00000000e4000000)
  from space 10752K, 0% used [0x00000000e4000000,0x00000000e4000000,0x00000000e4a80000)
  to   space 10752K, 0% used [0x00000000e8a80000,0x00000000e8a80000,0x00000000e9500000)
 ParOldGen       total 108544K, used 11017K [0x00000000a0000000, 0x00000000a6a00000, 0x00000000e0000000)
  object space 108544K, 10% used [0x00000000a0000000,0x00000000a0ac2618,0x00000000a6a00000)
 Metaspace       used 20719K, capacity 21108K, committed 21248K, reserved 1067008K
  class space    used 2916K, capacity 3062K, committed 3072K, reserved 1048576K
}
Event: 3.485 GC heap before
{Heap before GC invocations=5 (full 1):
 PSYoungGen      total 76288K, used 65536K [0x00000000e0000000, 0x00000000e9500000, 0x0000000100000000)
  eden space 65536K, 100% used [0x00000000e0000000,0x00000000e4000000,0x00000000e4000000)
  from space 10752K, 0% used [0x00000000e4000000,0x00000000e4000000,0x00000000e4a80000)
  to   space 10752K, 0% used [0x00000000e8a80000,0x00000000e8a80000,0x00000000e9500000)
 ParOldGen       total 108544K, used 11017K [0x00000000a0000000, 0x00000000a6a00000, 0x00000000e0000000)
  object space 108544K, 10% used [0x00000000a0000000,0x00000000a0ac2618,0x00000000a6a00000)
 Metaspace       used 28521K, capacity 28980K, committed 29440K, reserved 1075200K
  class space    used 3852K, capacity 4011K, committed 4096K, reserved 1048576K
Event: 3.491 GC heap after
Heap after GC invocations=5 (full 1):
 PSYoungGen      total 107520K, used 7749K [0x00000000e0000000, 0x00000000e9280000, 0x0000000100000000)
  eden space 99328K, 0% used [0x00000000e0000000,0x00000000e0000000,0x00000000e6100000)
  from space 8192K, 94% used [0x00000000e8a80000,0x00000000e9211790,0x00000000e9280000)
  to   space 10752K, 0% used [0x00000000e7d80000,0x00000000e7d80000,0x00000000e8800000)
 ParOldGen       total 108544K, used 11025K [0x00000000a0000000, 0x00000000a6a00000, 0x00000000e0000000)
  object space 108544K, 10% used [0x00000000a0000000,0x00000000a0ac4618,0x00000000a6a00000)
 Metaspace       used 28521K, capacity 28980K, committed 29440K, reserved 1075200K
  class space    used 3852K, capacity 4011K, committed 4096K, reserved 1048576K
}
Event: 4.225 GC heap before
{Heap before GC invocations=6 (full 1):
 PSYoungGen      total 107520K, used 107077K [0x00000000e0000000, 0x00000000e9280000, 0x0000000100000000)
  eden space 99328K, 100% used [0x00000000e0000000,0x00000000e6100000,0x00000000e6100000)
  from space 8192K, 94% used [0x00000000e8a80000,0x00000000e9211790,0x00000000e9280000)
  to   space 10752K, 0% used [0x00000000e7d80000,0x00000000e7d80000,0x00000000e8800000)
 ParOldGen       total 108544K, used 11025K [0x00000000a0000000, 0x00000000a6a00000, 0x00000000e0000000)
  object space 108544K, 10% used [0x00000000a0000000,0x00000000a0ac4618,0x00000000a6a00000)
 Metaspace       used 33771K, capacity 34386K, committed 34560K, reserved 1079296K
  class space    used 4655K, capacity 4828K, committed 4864K, reserved 1048576K
Event: 4.235 GC heap after
Heap after GC invocations=6 (full 1):
 PSYoungGen      total 139264K, used 10736K [0x00000000e0000000, 0x00000000eae80000, 0x0000000100000000)
  eden space 128512K, 0% used [0x00000000e0000000,0x00000000e0000000,0x00000000e7d80000)
  from space 10752K, 99% used [0x00000000e7d80000,0x00000000e87fc1a8,0x00000000e8800000)
  to   space 13824K, 0% used [0x00000000ea100000,0x00000000ea100000,0x00000000eae80000)
 ParOldGen       total 108544K, used 11626K [0x00000000a0000000, 0x00000000a6a00000, 0x00000000e0000000)
  object space 108544K, 10% used [0x00000000a0000000,0x00000000a0b5a868,0x00000000a6a00000)
 Metaspace       used 33771K, capacity 34386K, committed 34560K, reserved 1079296K
  class space    used 4655K, capacity 4828K, committed 4864K, reserved 1048576K
}
Event: 4.500 GC heap before
{Heap before GC invocations=7 (full 1):
 PSYoungGen      total 139264K, used 29899K [0x00000000e0000000, 0x00000000eae80000, 0x0000000100000000)
  eden space 128512K, 14% used [0x00000000e0000000,0x00000000e12b6af8,0x00000000e7d80000)
  from space 10752K, 99% used [0x00000000e7d80000,0x00000000e87fc1a8,0x00000000e8800000)
  to   space 13824K, 0% used [0x00000000ea100000,0x00000000ea100000,0x00000000eae80000)
 ParOldGen       total 108544K, used 11626K [0x00000000a0000000, 0x00000000a6a00000, 0x00000000e0000000)
  object space 108544K, 10% used [0x00000000a0000000,0x00000000a0b5a868,0x00000000a6a00000)
 Metaspace       used 34561K, capacity 35250K, committed 35416K, reserved 1079296K
  class space    used 4757K, capacity 4946K, committed 4992K, reserved 1048576K
Event: 4.507 GC heap after
Heap after GC invocations=7 (full 1):
 PSYoungGen      total 165376K, used 8603K [0x00000000e0000000, 0x00000000ee080000, 0x0000000100000000)
  eden space 151552K, 0% used [0x00000000e0000000,0x00000000e0000000,0x00000000e9400000)
  from space 13824K, 62% used [0x00000000ea100000,0x00000000ea966d78,0x00000000eae80000)
  to   space 13312K, 0% used [0x00000000e9400000,0x00000000e9400000,0x00000000ea100000)
 ParOldGen       total 108544K, used 11634K [0x00000000a0000000, 0x00000000a6a00000, 0x00000000e0000000)
  object space 108544K, 10% used [0x00000000a0000000,0x00000000a0b5c868,0x00000000a6a00000)
 Metaspace       used 34561K, capacity 35250K, committed 35416K, reserved 1079296K
  class space    used 4757K, capacity 4946K, committed 4992K, reserved 1048576K
}
Event: 4.507 GC heap before
{Heap before GC invocations=8 (full 2):
 PSYoungGen      total 165376K, used 8603K [0x00000000e0000000, 0x00000000ee080000, 0x0000000100000000)
  eden space 151552K, 0% used [0x00000000e0000000,0x00000000e0000000,0x00000000e9400000)
  from space 13824K, 62% used [0x00000000ea100000,0x00000000ea966d78,0x00000000eae80000)
  to   space 13312K, 0% used [0x00000000e9400000,0x00000000e9400000,0x00000000ea100000)
 ParOldGen       total 108544K, used 11634K [0x00000000a0000000, 0x00000000a6a00000, 0x00000000e0000000)
  object space 108544K, 10% used [0x00000000a0000000,0x00000000a0b5c868,0x00000000a6a00000)
 Metaspace       used 34561K, capacity 35250K, committed 35416K, reserved 1079296K
  class space    used 4757K, capacity 4946K, committed 4992K, reserved 1048576K
Event: 4.545 GC heap after
Heap after GC invocations=8 (full 2):
 PSYoungGen      total 165376K, used 0K [0x00000000e0000000, 0x00000000ee080000, 0x0000000100000000)
  eden space 151552K, 0% used [0x00000000e0000000,0x00000000e0000000,0x00000000e9400000)
  from space 13824K, 0% used [0x00000000ea100000,0x00000000ea100000,0x00000000eae80000)
  to   space 13312K, 0% used [0x00000000e9400000,0x00000000e9400000,0x00000000ea100000)
 ParOldGen       total 164864K, used 16045K [0x00000000a0000000, 0x00000000aa100000, 0x00000000e0000000)
  object space 164864K, 9% used [0x00000000a0000000,0x00000000a0fab530,0x00000000aa100000)
 Metaspace       used 34538K, capacity 35172K, committed 35416K, reserved 1079296K
  class space    used 4750K, capacity 4933K, committed 4992K, reserved 1048576K
}
Event: 6.019 GC heap before
{Heap before GC invocations=9 (full 2):
 PSYoungGen      total 165376K, used 151552K [0x00000000e0000000, 0x00000000ee080000, 0x0000000100000000)
  eden space 151552K, 100% used [0x00000000e0000000,0x00000000e9400000,0x00000000e9400000)
  from space 13824K, 0% used [0x00000000ea100000,0x00000000ea100000,0x00000000eae80000)
  to   space 13312K, 0% used [0x00000000e9400000,0x00000000e9400000,0x00000000ea100000)
 ParOldGen       total 164864K, used 16045K [0x00000000a0000000, 0x00000000aa100000, 0x00000000e0000000)
  object space 164864K, 9% used [0x00000000a0000000,0x00000000a0fab530,0x00000000aa100000)
 Metaspace       used 50603K, capacity 51524K, committed 51800K, reserved 1093632K
  class space    used 6804K, capacity 7028K, committed 7040K, reserved 1048576K

